[Trace][08/14/18 19:23:45] Attempting to load direwind.eqg as a standard eqg.
[Warn][08/14/18 19:23:45] Unable to parse the zone file, is a eqgv4.
[Trace][08/14/18 19:23:45] Attempting to load direwind.eqg as a v4 eqg.
[Trace][08/14/18 19:23:45] Parsing zone file.
[Trace][08/14/18 19:23:45] Parsing zone data file.
[Error][08/14/18 19:23:46] Header info for ascent.dat.eqg v4 20 0 5
[Trace][08/14/18 19:23:46] Parsing zone terrain tiles.
[Trace][08/14/18 19:23:46] Loading model obj_pinetree_bare.mod.
[Trace][08/14/18 19:23:46] Parsing model materials.
[Trace][08/14/18 19:23:46] Parsing model geometry.
[Trace][08/14/18 19:23:46] Loading model obj_rocks_b.mod.
[Trace][08/14/18 19:23:46] Parsing model materials.
[Trace][08/14/18 19:23:46] Parsing model geometry.
[Trace][08/14/18 19:23:46] Loading model obj_ascent_bridge.mod.
[Trace][08/14/18 19:23:46] Parsing model materials.
[Trace][08/14/18 19:23:46] Parsing model geometry.
[Trace][08/14/18 19:23:46] Loading model obj_rocks_d.mod.
[Trace][08/14/18 19:23:46] Parsing model materials.
[Trace][08/14/18 19:23:46] Parsing model geometry.
[Trace][08/14/18 19:23:46] Loading model obj_druid_ring_a.mod.
[Trace][08/14/18 19:23:46] Parsing model materials.
[Trace][08/14/18 19:23:46] Parsing model geometry.
[Trace][08/14/18 19:23:46] Loading model obj_rocks_waterfall_.mod.
[Trace][08/14/18 19:23:46] Parsing model materials.
[Trace][08/14/18 19:23:46] Parsing model geometry.
[Trace][08/14/18 19:23:46] Loading model obj_rocks_c.mod.
[Trace][08/14/18 19:23:46] Parsing model materials.
[Trace][08/14/18 19:23:46] Parsing model geometry.
[Trace][08/14/18 19:23:46] Loaded tog file direwind_tent_d.tog.
[Trace][08/14/18 19:23:46] Loading model obj_direwind_tent_d.mod.
[Trace][08/14/18 19:23:46] Parsing model materials.
[Trace][08/14/18 19:23:46] Parsing model geometry.
[Trace][08/14/18 19:23:46] Loaded tog file direwind_tent_d.tog.
[Trace][08/14/18 19:23:46] Loading model obj_pracdummy.mod.
[Trace][08/14/18 19:23:46] Parsing model materials.
[Trace][08/14/18 19:23:46] Parsing model geometry.
[Trace][08/14/18 19:23:46] Loaded tog file direwind_tent_g.tog.
[Trace][08/14/18 19:23:46] Loading model obj_direwind_tent_g.mod.
[Trace][08/14/18 19:23:46] Parsing model materials.
[Trace][08/14/18 19:23:46] Parsing model geometry.
[Trace][08/14/18 19:23:46] Loaded tog file direwind_tent_g.tog.
[Trace][08/14/18 19:23:46] Loading model obj_roastingpit.mod.
[Trace][08/14/18 19:23:46] Parsing model materials.
[Trace][08/14/18 19:23:46] Parsing model geometry.
[Trace][08/14/18 19:23:46] Loaded tog file bcave.tog.
[Trace][08/14/18 19:23:46] Loading model obj_blue_shroom_large_a.mod.
[Trace][08/14/18 19:23:46] Parsing model materials.
[Trace][08/14/18 19:23:46] Parsing model geometry.
[Trace][08/14/18 19:23:46] Loading model obj_blue_shroom_large_c.mod.
[Trace][08/14/18 19:23:46] Parsing model materials.
[Trace][08/14/18 19:23:46] Parsing model geometry.
[Trace][08/14/18 19:23:46] Loading model obj_blue_shroom_large_b.mod.
[Trace][08/14/18 19:23:46] Parsing model materials.
[Trace][08/14/18 19:23:46] Parsing model geometry.
[Trace][08/14/18 19:23:46] Loading model obj_blue_shroom_small_c.mod.
[Trace][08/14/18 19:23:46] Parsing model materials.
[Trace][08/14/18 19:23:46] Parsing model geometry.
[Trace][08/14/18 19:23:46] Loading model obj_blue_shroom_small_a.mod.
[Trace][08/14/18 19:23:46] Parsing model materials.
[Trace][08/14/18 19:23:46] Parsing model geometry.
[Trace][08/14/18 19:23:46] Loading model obj_blue_shroom_small_b.mod.
[Trace][08/14/18 19:23:46] Parsing model materials.
[Trace][08/14/18 19:23:46] Parsing model geometry.
[Trace][08/14/18 19:23:46] Loading model obj_purp_shroom_large_a.mod.
[Trace][08/14/18 19:23:46] Parsing model materials.
[Trace][08/14/18 19:23:46] Parsing model geometry.
[Trace][08/14/18 19:23:46] Loading model obj_purp_shroom_large_b.mod.
[Trace][08/14/18 19:23:46] Parsing model materials.
[Trace][08/14/18 19:23:46] Parsing model geometry.
[Trace][08/14/18 19:23:46] Loading model obj_purp_shroom_large_c.mod.
[Trace][08/14/18 19:23:46] Parsing model materials.
[Trace][08/14/18 19:23:46] Parsing model geometry.
[Trace][08/14/18 19:23:46] Loading model obj_purp_shroom_small_c.mod.
[Trace][08/14/18 19:23:46] Parsing model materials.
[Trace][08/14/18 19:23:46] Parsing model geometry.
[Trace][08/14/18 19:23:46] Loading model obj_purp_shroom_small_a.mod.
[Trace][08/14/18 19:23:46] Parsing model materials.
[Trace][08/14/18 19:23:46] Parsing model geometry.
[Trace][08/14/18 19:23:46] Loading model obj_purp_shroom_small_b.mod.
[Trace][08/14/18 19:23:46] Parsing model materials.
[Trace][08/14/18 19:23:46] Parsing model geometry.
[Trace][08/14/18 19:23:46] Loading model obj_orange_shroom_small_a.mod.
[Trace][08/14/18 19:23:46] Parsing model materials.
[Trace][08/14/18 19:23:46] Parsing model geometry.
[Trace][08/14/18 19:23:46] Loading model obj_orange_shroom_small_b.mod.
[Trace][08/14/18 19:23:46] Parsing model materials.
[Trace][08/14/18 19:23:46] Parsing model geometry.
[Trace][08/14/18 19:23:46] Loading model obj_orange_shroom_small_c.mod.
[Trace][08/14/18 19:23:46] Parsing model materials.
[Trace][08/14/18 19:23:46] Parsing model geometry.
[Trace][08/14/18 19:23:46] Loading model obj_orange_shroom_large_a.mod.
[Trace][08/14/18 19:23:46] Parsing model materials.
[Trace][08/14/18 19:23:46] Parsing model geometry.
[Trace][08/14/18 19:23:46] Loading model obj_orange_shroom_large_b.mod.
[Trace][08/14/18 19:23:46] Parsing model materials.
[Trace][08/14/18 19:23:46] Parsing model geometry.
[Trace][08/14/18 19:23:46] Loading model obj_orange_shroom_large_c.mod.
[Trace][08/14/18 19:23:46] Parsing model materials.
[Trace][08/14/18 19:23:46] Parsing model geometry.
[Trace][08/14/18 19:23:46] Loading model obj_green_shroom_small_a.mod.
[Trace][08/14/18 19:23:46] Parsing model materials.
[Trace][08/14/18 19:23:46] Parsing model geometry.
[Trace][08/14/18 19:23:46] Loading model obj_green_shroom_small_b.mod.
[Trace][08/14/18 19:23:46] Parsing model materials.
[Trace][08/14/18 19:23:46] Parsing model geometry.
[Trace][08/14/18 19:23:46] Loading model obj_green_shroom_small_c.mod.
[Trace][08/14/18 19:23:46] Parsing model materials.
[Trace][08/14/18 19:23:46] Parsing model geometry.
[Trace][08/14/18 19:23:46] Loading model obj_green_shroom_large_b.mod.
[Trace][08/14/18 19:23:46] Parsing model materials.
[Trace][08/14/18 19:23:46] Parsing model geometry.
[Trace][08/14/18 19:23:46] Loading model obj_green_shroom_large_a.mod.
[Trace][08/14/18 19:23:46] Parsing model materials.
[Trace][08/14/18 19:23:46] Parsing model geometry.
[Trace][08/14/18 19:23:46] Loading model obj_green_shroom_large_c.mod.
[Trace][08/14/18 19:23:46] Parsing model materials.
[Trace][08/14/18 19:23:46] Parsing model geometry.
[Trace][08/14/18 19:23:46] Loading model obj_fcave_a.mod.
[Trace][08/14/18 19:23:46] Parsing model materials.
[Trace][08/14/18 19:23:46] Parsing model geometry.
[Trace][08/14/18 19:23:46] Loading model obj_fcave_c.mod.
[Trace][08/14/18 19:23:46] Parsing model materials.
[Trace][08/14/18 19:23:46] Parsing model geometry.
[Trace][08/14/18 19:23:46] Loading model obj_fcave_d.mod.
[Trace][08/14/18 19:23:46] Parsing model materials.
[Trace][08/14/18 19:23:46] Parsing model geometry.
[Trace][08/14/18 19:23:46] Loading model obj_fcave_b.mod.
[Trace][08/14/18 19:23:46] Parsing model materials.
[Trace][08/14/18 19:23:46] Parsing model geometry.
[Trace][08/14/18 19:23:46] Loading model obj_fcave_e.mod.
[Trace][08/14/18 19:23:46] Parsing model materials.
[Trace][08/14/18 19:23:46] Parsing model geometry.
[Trace][08/14/18 19:23:46] Loading model obj_fcave_f.mod.
[Trace][08/14/18 19:23:46] Parsing model materials.
[Trace][08/14/18 19:23:46] Parsing model geometry.
[Trace][08/14/18 19:23:46] Loading model obj_cookfire_.mod.
[Trace][08/14/18 19:23:46] Parsing model materials.
[Trace][08/14/18 19:23:46] Parsing model geometry.
[Trace][08/14/18 19:23:46] Loaded tog file direwind_tent_e.tog.
[Trace][08/14/18 19:23:46] Loading model obj_direwind_tent_e.mod.
[Trace][08/14/18 19:23:46] Parsing model materials.
[Trace][08/14/18 19:23:46] Parsing model geometry.
[Trace][08/14/18 19:23:46] Loaded tog file direwind_tent_c.tog.
[Trace][08/14/18 19:23:46] Loading model obj_direwind_tent_c.mod.
[Trace][08/14/18 19:23:46] Parsing model materials.
[Trace][08/14/18 19:23:46] Parsing model geometry.
[Trace][08/14/18 19:23:46] Loading model obj_nest.mod.
[Trace][08/14/18 19:23:46] Parsing model materials.
[Trace][08/14/18 19:23:46] Parsing model geometry.
[Trace][08/14/18 19:23:46] Loading model obj_egg_.mod.
[Trace][08/14/18 19:23:46] Parsing model materials.
[Trace][08/14/18 19:23:46] Parsing model geometry.
[Trace][08/14/18 19:23:46] Loading model obj_small_bridge_.mod.
[Trace][08/14/18 19:23:46] Parsing model materials.
[Trace][08/14/18 19:23:46] Parsing model geometry.
[Trace][08/14/18 19:23:46] Loading model obj_stakes.mod.
[Trace][08/14/18 19:23:46] Parsing model materials.
[Trace][08/14/18 19:23:46] Parsing model geometry.
[Trace][08/14/18 19:23:46] Loaded tog file direwind_tent_b.tog.
[Trace][08/14/18 19:23:46] Loading model obj_direwind_tent_b.mod.
[Trace][08/14/18 19:23:46] Parsing model materials.
[Trace][08/14/18 19:23:46] Parsing model geometry.
[Trace][08/14/18 19:23:46] Loaded tog file direwind_tent_a.tog.
[Trace][08/14/18 19:23:46] Loading model obj_direwind_tent_a.mod.
[Trace][08/14/18 19:23:46] Parsing model materials.
[Trace][08/14/18 19:23:46] Parsing model geometry.
[Trace][08/14/18 19:23:46] Loading model obj_ek_bones_k.mod.
[Trace][08/14/18 19:23:46] Parsing model materials.
[Trace][08/14/18 19:23:46] Parsing model geometry.
[Trace][08/14/18 19:23:46] Loading model obj_ek_bones_f.mod.
[Trace][08/14/18 19:23:46] Parsing model materials.
[Trace][08/14/18 19:23:46] Parsing model geometry.
[Trace][08/14/18 19:23:46] Loading model obj_ek_bones_e.mod.
[Trace][08/14/18 19:23:46] Parsing model materials.
[Trace][08/14/18 19:23:46] Parsing model geometry.
[Trace][08/14/18 19:23:46] Loaded tog file direwind_tent_g.tog.
[Trace][08/14/18 19:23:46] Loading model obj_ek_bones_c.mod.
[Trace][08/14/18 19:23:46] Parsing model materials.
[Trace][08/14/18 19:23:46] Parsing model geometry.
[Trace][08/14/18 19:23:46] Loading model obj_watchtower_.mod.
[Trace][08/14/18 19:23:46] Parsing model materials.
[Trace][08/14/18 19:23:46] Parsing model geometry.
[Trace][08/14/18 19:23:46] Loading model obj_black_gate.mod.
[Trace][08/14/18 19:23:46] Parsing model materials.
[Trace][08/14/18 19:23:46] Parsing model geometry.
[Trace][08/14/18 19:23:46] Loading model obj_ek_bones_l.mod.
[Trace][08/14/18 19:23:46] Parsing model materials.
[Trace][08/14/18 19:23:46] Parsing model geometry.
[Trace][08/14/18 19:23:46] Loaded tog file bear_cave.tog.
[Trace][08/14/18 19:23:46] Loading model obj_fungal_entrance_a.mod.
[Trace][08/14/18 19:23:46] Parsing model materials.
[Trace][08/14/18 19:23:46] Parsing model geometry.
[Trace][08/14/18 19:23:46] Loading model obj_fungal_c.mod.
[Trace][08/14/18 19:23:46] Parsing model materials.
[Trace][08/14/18 19:23:46] Parsing model geometry.
[Trace][08/14/18 19:23:46] Loading model obj_fungal_d.mod.
[Trace][08/14/18 19:23:46] Parsing model materials.
[Trace][08/14/18 19:23:46] Parsing model geometry.
[Trace][08/14/18 19:23:46] Loading model obj_fungal_entrance_b.mod.
[Trace][08/14/18 19:23:46] Parsing model materials.
[Trace][08/14/18 19:23:46] Parsing model geometry.
[Trace][08/14/18 19:23:46] Loading model obj_fungal_a.mod.
[Trace][08/14/18 19:23:46] Parsing model materials.
[Trace][08/14/18 19:23:46] Parsing model geometry.
[Trace][08/14/18 19:23:46] Loading model obj_fungal_b.mod.
[Trace][08/14/18 19:23:46] Parsing model materials.
[Trace][08/14/18 19:23:46] Parsing model geometry.
[Trace][08/14/18 19:23:46] Loading model obj_ek_bones_h.mod.
[Trace][08/14/18 19:23:46] Parsing model materials.
[Trace][08/14/18 19:23:46] Parsing model geometry.
[Trace][08/14/18 19:23:46] Loading model obj_dragonmonolith.mod.
[Trace][08/14/18 19:23:46] Parsing model materials.
[Trace][08/14/18 19:23:46] Parsing model geometry.
[Trace][08/14/18 19:23:46] Loading model obj_steps_.mod.
[Trace][08/14/18 19:23:46] Parsing model materials.
[Trace][08/14/18 19:23:46] Parsing model geometry.
[Trace][08/14/18 19:23:46] Loaded tog file direwind_tent_f.tog.
[Trace][08/14/18 19:23:46] Loading model obj_direwind_tent_f.mod.
[Trace][08/14/18 19:23:46] Parsing model materials.
[Trace][08/14/18 19:23:46] Parsing model geometry.
[Trace][08/14/18 19:23:46] Loading model obj_wall_.mod.
[Trace][08/14/18 19:23:46] Parsing model materials.
[Trace][08/14/18 19:23:46] Parsing model geometry.
[Trace][08/14/18 19:23:46] Loaded tog file direwind_tent_a.tog.
[Trace][08/14/18 19:23:46] Loading model obj_crate_.mod.
[Trace][08/14/18 19:23:46] Parsing model materials.
[Trace][08/14/18 19:23:46] Parsing model geometry.
[Trace][08/14/18 19:23:46] Loading model obp_lava_.mod.
[Trace][08/14/18 19:23:46] Parsing model materials.
[Trace][08/14/18 19:23:46] Parsing model geometry.
[Trace][08/14/18 19:23:46] Loaded tog file direwind_tent_b.tog.
[Trace][08/14/18 19:23:46] Loaded tog file direwind_tent_b.tog.
[Trace][08/14/18 19:23:46] Loaded tog file direwind_tent_e.tog.
[Trace][08/14/18 19:23:46] Loading model obj_rocks_d_lod1.mod.
[Trace][08/14/18 19:23:46] Parsing model materials.
[Trace][08/14/18 19:23:46] Parsing model geometry.
[Trace][08/14/18 19:23:46] Loading model obp_waterfall_.mod.
[Trace][08/14/18 19:23:46] Parsing model materials.
[Trace][08/14/18 19:23:46] Parsing model geometry.
[Trace][08/14/18 19:23:46] Loading model obj_rocks_a.mod.
[Trace][08/14/18 19:23:46] Parsing model materials.
[Trace][08/14/18 19:23:46] Parsing model geometry.
[Trace][08/14/18 19:23:46] Loaded tog file direwind_tent_c.tog.
[Trace][08/14/18 19:23:46] Parsing water data file.
[Trace][08/14/18 19:23:46] Adding finite water sheet.
[Trace][08/14/18 19:23:46] Adding finite water sheet.
[Trace][08/14/18 19:23:46] Parsing invisible walls file.
[Trace][08/14/18 19:23:46] Loading model obj_direwind_tent_e.mod.
[Trace][08/14/18 19:23:46] Parsing model materials.
[Trace][08/14/18 19:23:46] Parsing model geometry.
[Trace][08/14/18 19:23:46] Loading model obj_cookfire_1.mod.
[Trace][08/14/18 19:23:46] Parsing model materials.
[Trace][08/14/18 19:23:46] Parsing model geometry.
[Trace][08/14/18 19:23:46] Loading model obj_barrel_1.mod.
[Trace][08/14/18 19:23:46] Parsing model materials.
[Trace][08/14/18 19:23:46] Parsing model geometry.
[Trace][08/14/18 19:23:46] Loading model obj_bridge.mod.
[Trace][08/14/18 19:23:46] Parsing model materials.
[Trace][08/14/18 19:23:46] Parsing model geometry.
